<?xml version="1.0" encoding="UTF-8"?>
<!-- Generated by org.testng.reporters.JUnitReportReporter -->
<testsuite skipped="0" hostname="LAPTOP-LGE6NPIB" name="runner.RunTestDataProvider" tests="2" failures="0" timestamp="2019-09-29T09:09:52 IST" time="29.553" errors="0">
  <testcase name="runScenario" time="15.501" classname="runner.RunTestDataProvider"/>
  <testcase name="runScenario" time="14.052" classname="runner.RunTestDataProvider"/>
</testsuite> <!-- runner.RunTestDataProvider -->
