<?xml version="1.0" encoding="UTF-8"?>
<!-- Generated by org.testng.reporters.JUnitReportReporter -->
<testsuite skipped="0" hostname="LAPTOP-LGE6NPIB" name="week5.day1.AA.TestNG.Groups.AnnatationsOfTestNG" tests="2" failures="0" timestamp="2019-10-02T20:59:31 IST" time="0.015" errors="0">
  <testcase name="testCase" time="0.015" classname="week5.day1.AA.TestNG.Groups.AnnatationsOfTestNG"/>
  <testcase name="testCaseOne" time="0.000" classname="week5.day1.AA.TestNG.Groups.AnnatationsOfTestNG"/>
</testsuite> <!-- week5.day1.AA.TestNG.Groups.AnnatationsOfTestNG -->
