<?xml version="1.0" encoding="UTF-8"?>
<!-- Generated by org.testng.reporters.JUnitReportReporter -->
<testsuite skipped="0" hostname="LAPTOP-LGE6NPIB" name="runner.RunTest1" tests="1" failures="0" timestamp="2019-09-28T17:56:24 IST" time="17.507" errors="0">
  <testcase name="runScenario" time="17.507" classname="runner.RunTest1"/>
</testsuite> <!-- runner.RunTest1 -->
