<?xml version="1.0" encoding="UTF-8"?>
<!-- Generated by org.testng.reporters.JUnitReportReporter -->
<testsuite skipped="0" hostname="LAPTOP-LGE6NPIB" name="week5.day2.DataProvider.CreateLead" tests="2" failures="0" timestamp="2019-09-23T00:22:39 IST" time="65.277" errors="0">
  <testcase name="main" time="34.613" classname="week5.day2.DataProvider.CreateLead"/>
  <testcase name="main" time="30.664" classname="week5.day2.DataProvider.CreateLead"/>
</testsuite> <!-- week5.day2.DataProvider.CreateLead -->
