<?xml version="1.0" encoding="UTF-8"?>
<!-- Generated by org.testng.reporters.JUnitReportReporter -->
<testsuite skipped="0" hostname="LAPTOP-LGE6NPIB" name="week5.day2.DataProvider.EditLead" tests="2" failures="0" timestamp="2019-09-23T00:22:39 IST" time="60.062" errors="0">
  <testcase name="main" time="27.305" classname="week5.day2.DataProvider.EditLead"/>
  <testcase name="main" time="32.757" classname="week5.day2.DataProvider.EditLead"/>
</testsuite> <!-- week5.day2.DataProvider.EditLead -->
