<?xml version="1.0" encoding="UTF-8"?>
<!-- Generated by org.testng.reporters.JUnitReportReporter -->
<testsuite skipped="0" hostname="LAPTOP-LGE6NPIB" name="runner.RunTestEditLead" tests="1" failures="0" timestamp="2019-10-09T22:49:41 IST" time="39.057" errors="0">
  <testcase name="runScenario" time="39.057" classname="runner.RunTestEditLead"/>
</testsuite> <!-- runner.RunTestEditLead -->
