<?xml version="1.0" encoding="UTF-8"?>
<!-- Generated by org.testng.reporters.JUnitReportReporter -->
<testsuite skipped="0" hostname="LAPTOP-LGE6NPIB" name="runner.RunTestLoginAndLogout" tests="1" failures="0" timestamp="2019-10-02T19:42:54 IST" time="5.808" errors="0">
  <testcase name="runScenario" time="5.808" classname="runner.RunTestLoginAndLogout"/>
</testsuite> <!-- runner.RunTestLoginAndLogout -->
