<?xml version="1.0" encoding="UTF-8"?>
<!-- Generated by org.testng.reporters.JUnitReportReporter -->
<testsuite skipped="0" hostname="LAPTOP-LGE6NPIB" name="week5.day1.TestNG.CreateLead" tests="1" failures="0" timestamp="2019-09-22T17:55:26 IST" time="32.969" errors="0">
  <testcase name="main" time="32.969" classname="week5.day1.TestNG.CreateLead"/>
</testsuite> <!-- week5.day1.TestNG.CreateLead -->
