<?xml version="1.0" encoding="UTF-8"?>
<!-- Generated by org.testng.reporters.JUnitReportReporter -->
<testsuite skipped="0" hostname="LAPTOP-LGE6NPIB" name="week5.day2.WorkBookorExcel.EditLead" tests="2" failures="0" timestamp="2019-09-25T08:15:57 IST" time="61.861" errors="0">
  <testcase name="main" time="33.182" classname="week5.day2.WorkBookorExcel.EditLead"/>
  <testcase name="main" time="28.679" classname="week5.day2.WorkBookorExcel.EditLead"/>
</testsuite> <!-- week5.day2.WorkBookorExcel.EditLead -->
