<?xml version="1.0" encoding="UTF-8"?>
<!-- Generated by org.testng.reporters.JUnitReportReporter -->
<testsuite skipped="1" hostname="LAPTOP-LGE6NPIB" name="runner.RunTest" tests="1" failures="0" timestamp="2020-12-06T01:31:44 IST" time="0.276" errors="0">
  <testcase name="runScenario" time="0.276" classname="runner.RunTest">
    <skipped/>
  </testcase> <!-- runScenario -->
</testsuite> <!-- runner.RunTest -->
