<?xml version="1.0" encoding="UTF-8"?>
<!-- Generated by org.testng.reporters.JUnitReportReporter -->
<testsuite skipped="0" hostname="LAPTOP-LGE6NPIB" name="week5.day2.WorkBookorExcel.CreateLead" tests="2" failures="0" timestamp="2019-09-25T20:55:25 IST" time="54.756" errors="0">
  <testcase name="main" time="26.815" classname="week5.day2.WorkBookorExcel.CreateLead"/>
  <testcase name="main" time="27.941" classname="week5.day2.WorkBookorExcel.CreateLead"/>
</testsuite> <!-- week5.day2.WorkBookorExcel.CreateLead -->
