<?xml version="1.0" encoding="UTF-8"?>
<!-- Generated by org.testng.reporters.JUnitReportReporter -->
<testsuite skipped="0" hostname="LAPTOP-LGE6NPIB" name="week5.day1.Parameter.EditLead" tests="1" failures="0" timestamp="2019-09-22T23:32:45 IST" time="27.373" errors="0">
  <testcase name="main" time="27.373" classname="week5.day1.Parameter.EditLead"/>
</testsuite> <!-- week5.day1.Parameter.EditLead -->
