<?xml version="1.0" encoding="UTF-8"?>
<!-- Generated by org.testng.reporters.JUnitReportReporter -->
<testsuite skipped="0" hostname="LAPTOP-LGE6NPIB" name="week5.day2.Z.DataProviderAndWorkBookIntegration.EditLead" tests="2" failures="0" timestamp="2019-09-25T21:08:32 IST" time="45.669" errors="0">
  <testcase name="main" time="22.703" classname="week5.day2.Z.DataProviderAndWorkBookIntegration.EditLead"/>
  <testcase name="main" time="22.966" classname="week5.day2.Z.DataProviderAndWorkBookIntegration.EditLead"/>
</testsuite> <!-- week5.day2.Z.DataProviderAndWorkBookIntegration.EditLead -->
