<?xml version="1.0" encoding="UTF-8"?>
<!-- Generated by org.testng.reporters.JUnitReportReporter -->
<testsuite skipped="0" hostname="LAPTOP-LGE6NPIB" name="week5.day1.Parameter.CreateLead" tests="1" failures="0" timestamp="2019-09-22T23:32:45 IST" time="44.228" errors="0">
  <testcase name="main" time="44.228" classname="week5.day1.Parameter.CreateLead"/>
</testsuite> <!-- week5.day1.Parameter.CreateLead -->
