<?xml version="1.0" encoding="UTF-8"?>
<!-- Generated by org.testng.reporters.JUnitReportReporter -->
<testsuite skipped="0" hostname="LAPTOP-LGE6NPIB" name="week5.day2.Z.DataProviderAndWorkBookIntegration.CreateLead" tests="2" failures="0" timestamp="2019-09-25T21:08:32 IST" time="55.436" errors="0">
  <testcase name="main" time="28.190" classname="week5.day2.Z.DataProviderAndWorkBookIntegration.CreateLead"/>
  <testcase name="main" time="27.246" classname="week5.day2.Z.DataProviderAndWorkBookIntegration.CreateLead"/>
</testsuite> <!-- week5.day2.Z.DataProviderAndWorkBookIntegration.CreateLead -->
