<?xml version="1.0" encoding="UTF-8"?>
<!-- Generated by org.testng.reporters.JUnitReportReporter -->
<testsuite skipped="0" hostname="LAPTOP-LGE6NPIB" name="week5.day1.AA.TestNG.MergeLead" tests="1" failures="0" timestamp="2019-10-02T19:55:33 IST" time="40.147" errors="0">
  <testcase name="main" time="40.147" classname="week5.day1.AA.TestNG.MergeLead"/>
</testsuite> <!-- week5.day1.AA.TestNG.MergeLead -->
