<?xml version="1.0" encoding="UTF-8"?>
<!-- Generated by org.testng.reporters.JUnitReportReporter -->
<testsuite skipped="0" hostname="LAPTOP-LGE6NPIB" name="week5.day1.TestNG.Annatations.AnnatationsOfTestNG" tests="1" failures="0" timestamp="2019-09-22T08:01:29 IST" time="0.003" errors="0">
  <testcase name="testCase" time="0.003" classname="week5.day1.TestNG.Annatations.AnnatationsOfTestNG"/>
</testsuite> <!-- week5.day1.TestNG.Annatations.AnnatationsOfTestNG -->
