<?xml version="1.0" encoding="UTF-8"?>
<!-- Generated by org.testng.reporters.JUnitReportReporter -->
<testsuite skipped="0" hostname="LAPTOP-LGE6NPIB" name="runner.RunTestFindLeads" tests="1" failures="0" timestamp="2020-02-22T18:13:41 IST" time="12.346" errors="0">
  <testcase name="runScenario" time="12.346" classname="runner.RunTestFindLeads"/>
</testsuite> <!-- runner.RunTestFindLeads -->
