<?xml version="1.0" encoding="UTF-8"?>
<!-- Generated by org.testng.reporters.JUnitReportReporter -->
<testsuite skipped="0" hostname="LAPTOP-LGE6NPIB" name="week5.day1.AA.TestNG.Annatations.DeleteLead" tests="1" failures="0" timestamp="2020-12-03T18:03:16 IST" time="32.508" errors="0">
  <testcase name="main" time="32.508" classname="week5.day1.AA.TestNG.Annatations.DeleteLead"/>
</testsuite> <!-- week5.day1.AA.TestNG.Annatations.DeleteLead -->
