<?xml version="1.0" encoding="UTF-8"?>
<!-- Generated by org.testng.reporters.JUnitReportReporter -->
<testsuite skipped="1" hostname="LAPTOP-LGE6NPIB" name="runner.RunTestFindLeads$RunTest" tests="1" failures="0" timestamp="2020-02-22T17:47:39 IST" time="0.176" errors="0">
  <testcase name="runScenario" time="0.176" classname="runner.RunTestFindLeads$RunTest">
    <skipped/>
  </testcase> <!-- runScenario -->
</testsuite> <!-- runner.RunTestFindLeads$RunTest -->
