<?xml version="1.0" encoding="UTF-8"?>
<!-- Generated by org.testng.reporters.JUnitReportReporter -->
<testsuite skipped="0" hostname="LAPTOP-LGE6NPIB" name="week5.day1.TestNG.DuplicateLead" tests="1" failures="0" timestamp="2019-09-22T17:55:25 IST" time="24.943" errors="0">
  <testcase name="main" time="24.943" classname="week5.day1.TestNG.DuplicateLead"/>
</testsuite> <!-- week5.day1.TestNG.DuplicateLead -->
