<?xml version="1.0" encoding="UTF-8"?>
<!-- Generated by org.testng.reporters.JUnitReportReporter -->
<testsuite skipped="0" hostname="LAPTOP-LGE6NPIB" name="testCases.TC002_EditLead" tests="2" failures="0" timestamp="2019-10-02T18:29:50 IST" time="55.138" errors="0">
  <testcase name="editLeadTestCases" time="28.493" classname="testCases.TC002_EditLead"/>
  <testcase name="editLeadTestCases" time="26.645" classname="testCases.TC002_EditLead"/>
</testsuite> <!-- testCases.TC002_EditLead -->
