<?xml version="1.0" encoding="UTF-8"?>
<!-- Generated by org.testng.reporters.JUnitReportReporter -->
<testsuite skipped="0" hostname="LAPTOP-LGE6NPIB" name="testCases.TC001_CreateLead" tests="2" failures="0" timestamp="2019-11-19T21:38:32 IST" time="40.892" errors="0">
  <testcase name="loginTestCases" time="21.349" classname="testCases.TC001_CreateLead"/>
  <testcase name="loginTestCases" time="19.543" classname="testCases.TC001_CreateLead"/>
</testsuite> <!-- testCases.TC001_CreateLead -->
