<?xml version="1.0" encoding="UTF-8"?>
<!-- Generated by org.testng.reporters.JUnitReportReporter -->
<testsuite skipped="0" hostname="LAPTOP-LGE6NPIB" name="testCases.TC001_CreateLead" tests="2" failures="0" timestamp="2019-11-19T21:41:25 IST" time="54.874" errors="0">
  <testcase name="loginTestCases" time="29.586" classname="testCases.TC001_CreateLead"/>
  <testcase name="loginTestCases" time="25.288" classname="testCases.TC001_CreateLead"/>
</testsuite> <!-- testCases.TC001_CreateLead -->
